\BOOKMARK [1][-]{section.1}{\376\377\000I\000n\000t\000r\000o\000d\000u\000c\000t\000i\000o\000n}{}% 1
\BOOKMARK [1][-]{section.2}{\376\377\000B\000a\000c\000k\000g\000r\000o\000u\000n\000d\000\040\000a\000n\000d\000\040\000R\000e\000l\000a\000t\000e\000d\000\040\000W\000o\000r\000k}{}% 2
\BOOKMARK [2][-]{subsection.2.1}{\376\377\000P\000r\000o\000m\000p\000t\000\040\000I\000n\000j\000e\000c\000t\000i\000o\000n\000\040\000A\000t\000t\000a\000c\000k\000s}{section.2}% 3
\BOOKMARK [2][-]{subsection.2.2}{\376\377\000D\000e\000f\000e\000n\000s\000e\000\040\000M\000e\000c\000h\000a\000n\000i\000s\000m\000s}{section.2}% 4
\BOOKMARK [3][-]{subsubsection.2.2.1}{\376\377\000A\000r\000c\000h\000i\000t\000e\000c\000t\000u\000r\000a\000l\000\040\000D\000e\000f\000e\000n\000s\000e\000s}{subsection.2.2}% 5
\BOOKMARK [3][-]{subsubsection.2.2.2}{\376\377\000P\000r\000o\000m\000p\000t\000-\000B\000a\000s\000e\000d\000\040\000D\000e\000f\000e\000n\000s\000e\000s}{subsection.2.2}% 6
\BOOKMARK [3][-]{subsubsection.2.2.3}{\376\377\000R\000u\000n\000t\000i\000m\000e\000\040\000M\000o\000n\000i\000t\000o\000r\000i\000n\000g}{subsection.2.2}% 7
\BOOKMARK [2][-]{subsection.2.3}{\376\377\000M\000u\000l\000t\000i\000-\000T\000u\000r\000n\000\040\000A\000t\000t\000a\000c\000k\000\040\000D\000y\000n\000a\000m\000i\000c\000s}{section.2}% 8
\BOOKMARK [1][-]{section.3}{\376\377\000M\000e\000t\000h\000o\000d\000o\000l\000o\000g\000y}{}% 9
\BOOKMARK [2][-]{subsection.3.1}{\376\377\000E\000x\000p\000e\000r\000i\000m\000e\000n\000t\000a\000l\000\040\000D\000e\000s\000i\000g\000n}{section.3}% 10
\BOOKMARK [2][-]{subsection.3.2}{\376\377\000P\000r\000o\000t\000e\000c\000t\000e\000d\000\040\000I\000n\000f\000o\000r\000m\000a\000t\000i\000o\000n}{section.3}% 11
\BOOKMARK [2][-]{subsection.3.3}{\376\377\000A\000t\000t\000a\000c\000k\000\040\000S\000t\000r\000a\000t\000e\000g\000i\000e\000s}{section.3}% 12
\BOOKMARK [2][-]{subsection.3.4}{\376\377\000E\000v\000a\000l\000u\000a\000t\000i\000o\000n\000\040\000M\000e\000t\000r\000i\000c\000s}{section.3}% 13
\BOOKMARK [1][-]{section.4}{\376\377\000R\000e\000s\000u\000l\000t\000s}{}% 14
\BOOKMARK [2][-]{subsection.4.1}{\376\377\000R\000o\000u\000n\000d\000\040\0001\000:\000\040\000S\000t\000r\000o\000n\000g\000\040\000D\000e\000f\000e\000n\000s\000e\000\040\000I\000m\000p\000l\000e\000m\000e\000n\000t\000a\000t\000i\000o\000n}{section.4}% 15
\BOOKMARK [3][-]{subsubsection.4.1.1}{\376\377\000D\000e\000f\000e\000n\000s\000e\000\040\000C\000o\000n\000f\000i\000g\000u\000r\000a\000t\000i\000o\000n}{subsection.4.1}% 16
\BOOKMARK [3][-]{subsubsection.4.1.2}{\376\377\000A\000t\000t\000a\000c\000k\000-\000D\000e\000f\000e\000n\000s\000e\000\040\000T\000r\000a\000n\000s\000c\000r\000i\000p\000t}{subsection.4.1}% 17
\BOOKMARK [3][-]{subsubsection.4.1.3}{\376\377\000R\000o\000u\000n\000d\000\040\0001\000\040\000A\000n\000a\000l\000y\000s\000i\000s}{subsection.4.1}% 18
\BOOKMARK [2][-]{subsection.4.2}{\376\377\000R\000o\000u\000n\000d\000\040\0002\000:\000\040\000W\000e\000a\000k\000\040\000D\000e\000f\000e\000n\000s\000e\000\040\000I\000m\000p\000l\000e\000m\000e\000n\000t\000a\000t\000i\000o\000n}{section.4}% 19
\BOOKMARK [3][-]{subsubsection.4.2.1}{\376\377\000D\000e\000f\000e\000n\000s\000e\000\040\000C\000o\000n\000f\000i\000g\000u\000r\000a\000t\000i\000o\000n}{subsection.4.2}% 20
\BOOKMARK [3][-]{subsubsection.4.2.2}{\376\377\000I\000d\000e\000n\000t\000i\000f\000i\000e\000d\000\040\000V\000u\000l\000n\000e\000r\000a\000b\000i\000l\000i\000t\000i\000e\000s}{subsection.4.2}% 21
\BOOKMARK [3][-]{subsubsection.4.2.3}{\376\377\000A\000t\000t\000a\000c\000k\000-\000D\000e\000f\000e\000n\000s\000e\000\040\000T\000r\000a\000n\000s\000c\000r\000i\000p\000t}{subsection.4.2}% 22
\BOOKMARK [3][-]{subsubsection.4.2.4}{\376\377\000R\000o\000u\000n\000d\000\040\0002\000\040\000A\000n\000a\000l\000y\000s\000i\000s}{subsection.4.2}% 23
\BOOKMARK [2][-]{subsection.4.3}{\376\377\000R\000o\000u\000n\000d\000\040\0003\000:\000\040\000T\000h\000e\000o\000r\000e\000t\000i\000c\000a\000l\000\040\000F\000a\000i\000l\000u\000r\000e\000\040\000A\000n\000a\000l\000y\000s\000i\000s}{section.4}% 24
\BOOKMARK [3][-]{subsubsection.4.3.1}{\376\377\000E\000x\000p\000e\000r\000i\000m\000e\000n\000t\000a\000l\000\040\000C\000o\000n\000s\000t\000r\000a\000i\000n\000t}{subsection.4.3}% 25
\BOOKMARK [3][-]{subsubsection.4.3.2}{\376\377\000T\000h\000e\000o\000r\000e\000t\000i\000c\000a\000l\000\040\000M\000i\000n\000i\000m\000a\000l\000\040\000D\000e\000f\000e\000n\000s\000e}{subsection.4.3}% 26
\BOOKMARK [3][-]{subsubsection.4.3.3}{\376\377\000P\000r\000e\000d\000i\000c\000t\000e\000d\000\040\000F\000a\000i\000l\000u\000r\000e\000\040\000M\000o\000d\000e\000s}{subsection.4.3}% 27
\BOOKMARK [1][-]{section.5}{\376\377\000A\000n\000a\000l\000y\000s\000i\000s}{}% 28
\BOOKMARK [2][-]{subsection.5.1}{\376\377\000D\000e\000f\000e\000n\000s\000e\000\040\000C\000o\000m\000p\000o\000n\000e\000n\000t\000\040\000E\000f\000f\000e\000c\000t\000i\000v\000e\000n\000e\000s\000s}{section.5}% 29
\BOOKMARK [2][-]{subsection.5.2}{\376\377\000A\000t\000t\000a\000c\000k\000\040\000P\000a\000t\000t\000e\000r\000n\000\040\000E\000v\000o\000l\000u\000t\000i\000o\000n}{section.5}% 30
\BOOKMARK [2][-]{subsection.5.3}{\376\377\000C\000r\000i\000t\000i\000c\000a\000l\000\040\000S\000u\000c\000c\000e\000s\000s\000\040\000F\000a\000c\000t\000o\000r\000s}{section.5}% 31
\BOOKMARK [3][-]{subsubsection.5.3.1}{\376\377\000E\000x\000p\000l\000i\000c\000i\000t\000\040\000S\000p\000e\000c\000i\000f\000i\000c\000a\000t\000i\000o\000n}{subsection.5.3}% 32
\BOOKMARK [3][-]{subsubsection.5.3.2}{\376\377\000C\000o\000n\000s\000i\000s\000t\000e\000n\000c\000y\000\040\000A\000c\000r\000o\000s\000s\000\040\000C\000o\000n\000t\000e\000x\000t}{subsection.5.3}% 33
\BOOKMARK [3][-]{subsubsection.5.3.3}{\376\377\000R\000e\000a\000s\000o\000n\000i\000n\000g\000\040\000T\000r\000a\000n\000s\000p\000a\000r\000e\000n\000c\000y}{subsection.5.3}% 34
\BOOKMARK [1][-]{section.6}{\376\377\000D\000i\000s\000c\000u\000s\000s\000i\000o\000n}{}% 35
\BOOKMARK [2][-]{subsection.6.1}{\376\377\000I\000m\000p\000l\000i\000c\000a\000t\000i\000o\000n\000s\000\040\000f\000o\000r\000\040\000L\000L\000M\000\040\000S\000e\000c\000u\000r\000i\000t\000y\000\040\000D\000e\000s\000i\000g\000n}{section.6}% 36
\BOOKMARK [2][-]{subsection.6.2}{\376\377\000T\000h\000e\000\040\000P\000a\000r\000a\000d\000o\000x\000\040\000o\000f\000\040\000H\000e\000l\000p\000f\000u\000l\000\040\000A\000I}{section.6}% 37
\BOOKMARK [2][-]{subsection.6.3}{\376\377\000L\000i\000m\000i\000t\000a\000t\000i\000o\000n\000s\000\040\000a\000n\000d\000\040\000F\000u\000t\000u\000r\000e\000\040\000W\000o\000r\000k}{section.6}% 38
\BOOKMARK [2][-]{subsection.6.4}{\376\377\000P\000r\000a\000c\000t\000i\000c\000a\000l\000\040\000R\000e\000c\000o\000m\000m\000e\000n\000d\000a\000t\000i\000o\000n\000s}{section.6}% 39
\BOOKMARK [1][-]{section.7}{\376\377\000C\000o\000n\000c\000l\000u\000s\000i\000o\000n}{}% 40
\BOOKMARK [1][-]{appendix.A}{\376\377\000D\000e\000f\000e\000n\000s\000e\000\040\000P\000r\000o\000m\000p\000t\000\040\000T\000e\000m\000p\000l\000a\000t\000e\000s}{}% 41
\BOOKMARK [2][-]{subsection.A.1}{\376\377\000S\000t\000r\000o\000n\000g\000\040\000D\000e\000f\000e\000n\000s\000e\000\040\000T\000e\000m\000p\000l\000a\000t\000e}{appendix.A}% 42
