\BOOKMARK [1][-]{section.1}{\376\377\000I\000n\000t\000r\000o\000d\000u\000c\000t\000i\000o\000n}{}% 1
\BOOKMARK [1][-]{section.2}{\376\377\000R\000e\000l\000a\000t\000e\000d\000\040\000W\000o\000r\000k}{}% 2
\BOOKMARK [1][-]{section.3}{\376\377\000M\000e\000t\000h\000o\000d\000o\000l\000o\000g\000y}{}% 3
\BOOKMARK [2][-]{subsection.3.1}{\376\377\000E\000x\000p\000e\000r\000i\000m\000e\000n\000t\000a\000l\000\040\000D\000e\000s\000i\000g\000n}{section.3}% 4
\BOOKMARK [2][-]{subsection.3.2}{\376\377\000R\000o\000u\000n\000d\000\040\000S\000t\000r\000u\000c\000t\000u\000r\000e}{section.3}% 5
\BOOKMARK [3][-]{subsubsection.3.2.1}{\376\377\000R\000o\000u\000n\000d\000\040\0001\000:\000\040\000B\000a\000s\000i\000c\000\040\000D\000e\000f\000e\000n\000s\000e\000\040\000v\000s\000.\000\040\000A\000d\000a\000p\000t\000i\000v\000e\000\040\000A\000t\000t\000a\000c\000k}{subsection.3.2}% 6
\BOOKMARK [3][-]{subsubsection.3.2.2}{\376\377\000R\000o\000u\000n\000d\000\040\0002\000:\000\040\000E\000n\000h\000a\000n\000c\000e\000d\000\040\000D\000e\000f\000e\000n\000s\000e\000\040\000w\000i\000t\000h\000\040\000A\000d\000v\000e\000r\000s\000a\000r\000i\000a\000l\000\040\000A\000w\000a\000r\000e\000n\000e\000s\000s}{subsection.3.2}% 7
\BOOKMARK [3][-]{subsubsection.3.2.3}{\376\377\000R\000o\000u\000n\000d\000\040\0003\000:\000\040\000E\000t\000h\000i\000c\000a\000l\000\040\000D\000e\000f\000e\000n\000s\000e\000\040\000w\000i\000t\000h\000\040\000T\000r\000a\000n\000s\000p\000a\000r\000e\000n\000c\000y}{subsection.3.2}% 8
\BOOKMARK [2][-]{subsection.3.3}{\376\377\000E\000v\000a\000l\000u\000a\000t\000i\000o\000n\000\040\000C\000r\000i\000t\000e\000r\000i\000a}{section.3}% 9
\BOOKMARK [1][-]{section.4}{\376\377\000R\000e\000s\000u\000l\000t\000s}{}% 10
\BOOKMARK [2][-]{subsection.4.1}{\376\377\000R\000o\000u\000n\000d\000\040\0001\000:\000\040\000S\000o\000c\000i\000a\000l\000\040\000E\000n\000g\000i\000n\000e\000e\000r\000i\000n\000g\000\040\000A\000t\000t\000a\000c\000k\000\040\000P\000a\000t\000t\000e\000r\000n\000s}{section.4}% 11
\BOOKMARK [2][-]{subsection.4.2}{\376\377\000R\000o\000u\000n\000d\000\040\0002\000:\000\040\000T\000e\000c\000h\000n\000i\000c\000a\000l\000\040\000J\000a\000i\000l\000b\000r\000e\000a\000k\000i\000n\000g\000\040\000A\000t\000t\000e\000m\000p\000t\000s}{section.4}% 12
\BOOKMARK [2][-]{subsection.4.3}{\376\377\000R\000o\000u\000n\000d\000\040\0003\000:\000\040\000T\000r\000a\000n\000s\000p\000a\000r\000e\000n\000c\000y\000\040\000E\000x\000p\000l\000o\000i\000t\000a\000t\000i\000o\000n}{section.4}% 13
\BOOKMARK [1][-]{section.5}{\376\377\000D\000i\000s\000c\000u\000s\000s\000i\000o\000n}{}% 14
\BOOKMARK [2][-]{subsection.5.1}{\376\377\000A\000t\000t\000a\000c\000k\000\040\000P\000a\000t\000t\000e\000r\000n\000\040\000T\000a\000x\000o\000n\000o\000m\000y}{section.5}% 15
\BOOKMARK [3][-]{subsubsection.5.1.1}{\376\377\000S\000o\000c\000i\000a\000l\000\040\000E\000n\000g\000i\000n\000e\000e\000r\000i\000n\000g\000\040\000E\000s\000c\000a\000l\000a\000t\000i\000o\000n}{subsection.5.1}% 16
\BOOKMARK [3][-]{subsubsection.5.1.2}{\376\377\000T\000e\000c\000h\000n\000i\000c\000a\000l\000\040\000E\000x\000p\000l\000o\000i\000t\000a\000t\000i\000o\000n}{subsection.5.1}% 17
\BOOKMARK [3][-]{subsubsection.5.1.3}{\376\377\000M\000e\000t\000a\000-\000C\000o\000g\000n\000i\000t\000i\000v\000e\000\040\000A\000t\000t\000a\000c\000k\000s}{subsection.5.1}% 18
\BOOKMARK [2][-]{subsection.5.2}{\376\377\000D\000e\000f\000e\000n\000s\000e\000\040\000S\000t\000r\000a\000t\000e\000g\000y\000\040\000E\000f\000f\000e\000c\000t\000i\000v\000e\000n\000e\000s\000s}{section.5}% 19
\BOOKMARK [2][-]{subsection.5.3}{\376\377\000E\000t\000h\000i\000c\000a\000l\000\040\000C\000o\000n\000s\000t\000r\000a\000i\000n\000t\000s\000\040\000a\000s\000\040\000S\000e\000c\000u\000r\000i\000t\000y\000\040\000F\000a\000c\000t\000o\000r\000s}{section.5}% 20
\BOOKMARK [2][-]{subsection.5.4}{\376\377\000M\000u\000l\000t\000i\000-\000T\000u\000r\000n\000\040\000C\000o\000n\000v\000e\000r\000s\000a\000t\000i\000o\000n\000\040\000D\000y\000n\000a\000m\000i\000c\000s}{section.5}% 21
\BOOKMARK [3][-]{subsubsection.5.4.1}{\376\377\000D\000e\000f\000e\000n\000s\000e\000\040\000T\000h\000r\000e\000s\000h\000o\000l\000d\000\040\000D\000e\000c\000a\000y}{subsection.5.4}% 22
\BOOKMARK [3][-]{subsubsection.5.4.2}{\376\377\000C\000o\000n\000t\000e\000x\000t\000\040\000A\000c\000c\000u\000m\000u\000l\000a\000t\000i\000o\000n\000\040\000V\000u\000l\000n\000e\000r\000a\000b\000i\000l\000i\000t\000y}{subsection.5.4}% 23
\BOOKMARK [3][-]{subsubsection.5.4.3}{\376\377\000P\000a\000t\000t\000e\000r\000n\000\040\000R\000e\000c\000o\000g\000n\000i\000t\000i\000o\000n\000\040\000L\000i\000m\000i\000t\000a\000t\000i\000o\000n\000s}{subsection.5.4}% 24
\BOOKMARK [1][-]{section.6}{\376\377\000S\000t\000r\000u\000c\000t\000u\000r\000a\000l\000\040\000P\000r\000i\000n\000c\000i\000p\000l\000e\000s\000\040\000D\000i\000s\000c\000o\000v\000e\000r\000e\000d}{}% 25
\BOOKMARK [2][-]{subsection.6.1}{\376\377\000P\000r\000i\000n\000c\000i\000p\000l\000e\000\040\0001\000:\000\040\000E\000x\000p\000l\000i\000c\000i\000t\000n\000e\000s\000s\000-\000S\000e\000c\000u\000r\000i\000t\000y\000\040\000C\000o\000r\000r\000e\000l\000a\000t\000i\000o\000n}{section.6}% 26
\BOOKMARK [2][-]{subsection.6.2}{\376\377\000P\000r\000i\000n\000c\000i\000p\000l\000e\000\040\0002\000:\000\040\000T\000r\000a\000n\000s\000p\000a\000r\000e\000n\000c\000y\000-\000S\000e\000c\000u\000r\000i\000t\000y\000\040\000T\000r\000a\000d\000e\000-\000o\000f\000f}{section.6}% 27
\BOOKMARK [2][-]{subsection.6.3}{\376\377\000P\000r\000i\000n\000c\000i\000p\000l\000e\000\040\0003\000:\000\040\000V\000a\000l\000u\000e\000\040\000A\000l\000i\000g\000n\000m\000e\000n\000t\000\040\000C\000o\000n\000s\000t\000r\000a\000i\000n\000t\000s}{section.6}% 28
\BOOKMARK [2][-]{subsection.6.4}{\376\377\000P\000r\000i\000n\000c\000i\000p\000l\000e\000\040\0004\000:\000\040\000C\000o\000n\000v\000e\000r\000s\000a\000t\000i\000o\000n\000a\000l\000\040\000E\000r\000o\000s\000i\000o\000n\000\040\000E\000f\000f\000e\000c\000t}{section.6}% 29
\BOOKMARK [2][-]{subsection.6.5}{\376\377\000P\000r\000i\000n\000c\000i\000p\000l\000e\000\040\0005\000:\000\040\000M\000e\000t\000a\000-\000L\000e\000v\000e\000l\000\040\000V\000u\000l\000n\000e\000r\000a\000b\000i\000l\000i\000t\000y}{section.6}% 30
\BOOKMARK [1][-]{section.7}{\376\377\000L\000i\000m\000i\000t\000a\000t\000i\000o\000n\000s}{}% 31
\BOOKMARK [1][-]{section.8}{\376\377\000F\000u\000t\000u\000r\000e\000\040\000W\000o\000r\000k}{}% 32
\BOOKMARK [2][-]{subsection.8.1}{\376\377\000E\000m\000p\000i\000r\000i\000c\000a\000l\000\040\000V\000a\000l\000i\000d\000a\000t\000i\000o\000n}{section.8}% 33
\BOOKMARK [2][-]{subsection.8.2}{\376\377\000D\000y\000n\000a\000m\000i\000c\000\040\000D\000e\000f\000e\000n\000s\000e\000\040\000M\000e\000c\000h\000a\000n\000i\000s\000m\000s}{section.8}% 34
\BOOKMARK [2][-]{subsection.8.3}{\376\377\000E\000t\000h\000i\000c\000a\000l\000\040\000S\000e\000c\000u\000r\000i\000t\000y\000\040\000F\000r\000a\000m\000e\000w\000o\000r\000k\000s}{section.8}% 35
\BOOKMARK [2][-]{subsection.8.4}{\376\377\000A\000u\000t\000o\000m\000a\000t\000e\000d\000\040\000A\000t\000t\000a\000c\000k\000\040\000G\000e\000n\000e\000r\000a\000t\000i\000o\000n}{section.8}% 36
\BOOKMARK [2][-]{subsection.8.5}{\376\377\000C\000o\000n\000v\000e\000r\000s\000a\000t\000i\000o\000n\000\040\000L\000e\000n\000g\000t\000h\000\040\000O\000p\000t\000i\000m\000i\000z\000a\000t\000i\000o\000n}{section.8}% 37
\BOOKMARK [1][-]{section.9}{\376\377\000C\000o\000n\000c\000l\000u\000s\000i\000o\000n}{}% 38
